Arguments: 
  /usr/local/bin/node /usr/share/yarn/bin/yarn.js precommit

PATH: 
  /home/saul/bin:/home/saul/.local/bin:/home/saul/bin:/home/saul/.local/bin:/usr/local/sbin:/usr/local/bin:/usr/sbin:/usr/bin:/sbin:/bin:/usr/games:/usr/local/games:/snap/bin:/usr/lib/oracle/12.2/client64/bin:/usr/lib/oracle/12.2/client64/bin

Yarn version: 
  1.5.1

Node version: 
  10.6.0

Platform: 
  linux x64

npm manifest: 
  No manifest

yarn manifest: 
  No manifest

Lockfile: 
  No lockfile

Trace: 
  Error: Couldn't find a package.json file in "/home/saul/Documentos/Int/TrueDat/BusinessGlossary/business-glossary"
      at new MessageError (/usr/share/yarn/lib/cli.js:186:110)
      at /usr/share/yarn/lib/cli.js:40048:15
      at Generator.next (<anonymous>)
      at step (/usr/share/yarn/lib/cli.js:98:30)
      at /usr/share/yarn/lib/cli.js:109:13
